0 verbose cli /usr/bin/node /usr/bin/npm
1 info using npm@10.7.0
2 info using node@v18.20.4
3 silly config:load:file:/usr/lib/node_modules/npm/npmrc
4 silly config:load:file:/var/www/html/@admin/.npmrc
5 silly config:load:file:/root/.npmrc
6 silly config:load:file:/usr/etc/npmrc
7 verbose title npm install
8 verbose argv "install"
9 verbose logfile logs-max:10 dir:/root/.npm/_logs/2024-10-03T18_50_55_874Z-
10 verbose logfile /root/.npm/_logs/2024-10-03T18_50_55_874Z-debug-0.log
11 silly logfile done cleaning log files
12 silly idealTree buildDeps
13 silly reify moves {}
14 silly audit bulk request {
14 silly audit   '@babel/parser': [ '7.20.15' ],
14 silly audit   '@codemirror/autocomplete': [ '6.4.2' ],
14 silly audit   '@codemirror/commands': [ '6.2.1' ],
14 silly audit   '@codemirror/lang-css': [ '6.0.2' ],
14 silly audit   '@codemirror/lang-json': [ '6.0.1' ],
14 silly audit   '@codemirror/language': [ '6.6.0' ],
14 silly audit   '@codemirror/lint': [ '6.1.1' ],
14 silly audit   '@codemirror/search': [ '6.2.3' ],
14 silly audit   '@codemirror/state': [ '6.2.0' ],
14 silly audit   '@codemirror/theme-one-dark': [ '6.1.1' ],
14 silly audit   '@codemirror/view': [ '6.9.1' ],
14 silly audit   '@esbuild/android-arm': [ '0.15.18' ],
14 silly audit   '@esbuild/linux-loong64': [ '0.15.18' ],
14 silly audit   '@eslint/eslintrc': [ '1.4.1' ],
14 silly audit   '@floating-ui/core': [ '0.3.1' ],
14 silly audit   '@floating-ui/dom': [ '0.1.10' ],
14 silly audit   '@humanwhocodes/config-array': [ '0.11.8' ],
14 silly audit   '@humanwhocodes/module-importer': [ '1.0.1' ],
14 silly audit   '@humanwhocodes/object-schema': [ '1.2.1' ],
14 silly audit   '@intlify/core-base': [ '9.2.2' ],
14 silly audit   '@intlify/devtools-if': [ '9.2.2' ],
14 silly audit   '@intlify/message-compiler': [ '9.2.2' ],
14 silly audit   '@intlify/shared': [ '9.2.2' ],
14 silly audit   '@intlify/vue-devtools': [ '9.2.2' ],
14 silly audit   '@irojs/iro-core': [ '1.2.1' ],
14 silly audit   '@jaames/iro': [ '5.5.2' ],
14 silly audit   '@jridgewell/gen-mapping': [ '0.3.2' ],
14 silly audit   '@jridgewell/resolve-uri': [ '3.1.0' ],
14 silly audit   '@jridgewell/set-array': [ '1.1.2' ],
14 silly audit   '@jridgewell/source-map': [ '0.3.2' ],
14 silly audit   '@jridgewell/sourcemap-codec': [ '1.4.14' ],
14 silly audit   '@jridgewell/trace-mapping': [ '0.3.17' ],
14 silly audit   '@lezer/common': [ '1.0.2' ],
14 silly audit   '@lezer/css': [ '1.1.1' ],
14 silly audit   '@lezer/highlight': [ '1.1.3' ],
14 silly audit   '@lezer/json': [ '1.0.0' ],
14 silly audit   '@lezer/lr': [ '1.3.3' ],
14 silly audit   '@nodelib/fs.scandir': [ '2.1.5' ],
14 silly audit   '@nodelib/fs.stat': [ '2.0.5' ],
14 silly audit   '@nodelib/fs.walk': [ '1.2.8' ],
14 silly audit   '@rollup/pluginutils': [ '4.2.1' ],
14 silly audit   '@types/eslint': [ '8.21.1' ],
14 silly audit   '@types/eslint-scope': [ '3.7.4' ],
14 silly audit   '@types/estree': [ '1.0.0', '0.0.51' ],
14 silly audit   '@types/json-schema': [ '7.0.11' ],
14 silly audit   '@types/node': [ '18.14.0' ],
14 silly audit   '@vitejs/plugin-vue': [ '3.2.0' ],
14 silly audit   '@vue/compiler-core': [ '3.2.47' ],
14 silly audit   '@vue/compiler-dom': [ '3.2.47' ],
14 silly audit   '@vue/compiler-sfc': [ '3.2.47' ],
14 silly audit   '@vue/compiler-ssr': [ '3.2.47' ],
14 silly audit   '@vue/devtools-api': [ '6.5.0' ],
14 silly audit   '@vue/reactivity': [ '3.2.47' ],
14 silly audit   '@vue/reactivity-transform': [ '3.2.47' ],
14 silly audit   '@vue/runtime-core': [ '3.2.47' ],
14 silly audit   '@vue/runtime-dom': [ '3.2.47' ],
14 silly audit   '@vue/server-renderer': [ '3.2.47' ],
14 silly audit   '@vue/shared': [ '3.2.47' ],
14 silly audit   '@vuepic/vue-datepicker': [ '3.6.8' ],
14 silly audit   '@webassemblyjs/ast': [ '1.11.1' ],
14 silly audit   '@webassemblyjs/floating-point-hex-parser': [ '1.11.1' ],
14 silly audit   '@webassemblyjs/helper-api-error': [ '1.11.1' ],
14 silly audit   '@webassemblyjs/helper-buffer': [ '1.11.1' ],
14 silly audit   '@webassemblyjs/helper-numbers': [ '1.11.1' ],
14 silly audit   '@webassemblyjs/helper-wasm-bytecode': [ '1.11.1' ],
14 silly audit   '@webassemblyjs/helper-wasm-section': [ '1.11.1' ],
14 silly audit   '@webassemblyjs/ieee754': [ '1.11.1' ],
14 silly audit   '@webassemblyjs/leb128': [ '1.11.1' ],
14 silly audit   '@webassemblyjs/utf8': [ '1.11.1' ],
14 silly audit   '@webassemblyjs/wasm-edit': [ '1.11.1' ],
14 silly audit   '@webassemblyjs/wasm-gen': [ '1.11.1' ],
14 silly audit   '@webassemblyjs/wasm-opt': [ '1.11.1' ],
14 silly audit   '@webassemblyjs/wasm-parser': [ '1.11.1' ],
14 silly audit   '@webassemblyjs/wast-printer': [ '1.11.1' ],
14 silly audit   '@xtuc/ieee754': [ '1.2.0' ],
14 silly audit   '@xtuc/long': [ '4.2.2' ],
14 silly audit   acorn: [ '8.8.2' ],
14 silly audit   'acorn-import-assertions': [ '1.8.0' ],
14 silly audit   'acorn-jsx': [ '5.3.2' ],
14 silly audit   after: [ '0.8.2' ],
14 silly audit   ajv: [ '6.12.6' ],
14 silly audit   'ajv-keywords': [ '3.5.2' ],
14 silly audit   'ansi-regex': [ '5.0.1' ],
14 silly audit   'ansi-styles': [ '4.3.0' ],
14 silly audit   anymatch: [ '3.1.3' ],
14 silly audit   apexcharts: [ '3.37.0' ],
14 silly audit   argparse: [ '2.0.1' ],
14 silly audit   'arraybuffer.slice': [ '0.0.7' ],
14 silly audit   asynckit: [ '0.4.0' ],
14 silly audit   axios: [ '0.27.2' ],
14 silly audit   backo2: [ '1.0.2' ],
14 silly audit   'balanced-match': [ '1.0.2' ],
14 silly audit   'base64-arraybuffer': [ '0.1.4' ],
14 silly audit   'big.js': [ '5.2.2' ],
14 silly audit   'binary-extensions': [ '2.2.0' ],
14 silly audit   blob: [ '0.0.5' ],
14 silly audit   boolbase: [ '1.0.0' ],
14 silly audit   'brace-expansion': [ '1.1.11' ],
14 silly audit   braces: [ '3.0.2' ],
14 silly audit   browserslist: [ '4.21.5' ],
14 silly audit   'buffer-from': [ '1.1.2' ],
14 silly audit   callsites: [ '3.1.0' ],
14 silly audit   'caniuse-lite': [ '1.0.30001456' ],
14 silly audit   chalk: [ '4.1.2' ],
14 silly audit   chokidar: [ '3.5.3' ],
14 silly audit   'glob-parent': [ '5.1.2', '6.0.2' ],
14 silly audit   'chrome-trace-event': [ '1.0.3' ],
14 silly audit   'click-outside-vue3': [ '4.0.1' ],
14 silly audit   codemirror: [ '6.0.1' ],
14 silly audit   'color-convert': [ '2.0.1' ],
14 silly audit   'color-name': [ '1.1.4' ],
14 silly audit   'combined-stream': [ '1.0.8' ],
14 silly audit   commander: [ '2.20.3' ],
14 silly audit   'component-bind': [ '1.0.0' ],
14 silly audit   'component-emitter': [ '1.3.0' ],
14 silly audit   'component-inherit': [ '0.0.3' ],
14 silly audit   'concat-map': [ '0.0.1' ],
14 silly audit   'core-util-is': [ '1.0.3' ],
14 silly audit   crelt: [ '1.0.5' ],
14 silly audit   'cross-spawn': [ '7.0.3' ],
14 silly audit   cssesc: [ '3.0.0' ],
14 silly audit   csstype: [ '2.6.21' ],
14 silly audit   'date-fns': [ '2.29.3' ],
14 silly audit   'date-fns-tz': [ '1.3.8' ],
14 silly audit   debug: [ '4.3.4', '3.1.0' ],
14 silly audit   'deep-is': [ '0.1.4' ],
14 silly audit   deepmerge: [ '4.3.0' ],
14 silly audit   'delayed-stream': [ '1.0.0' ],
14 silly audit   doctrine: [ '3.0.0' ],
14 silly audit   'electron-to-chromium': [ '1.4.302' ],
14 silly audit   'emojis-list': [ '3.0.0' ],
14 silly audit   'engine.io-client': [ '3.5.3' ],
14 silly audit   ms: [ '2.0.0', '2.1.2' ],
14 silly audit   'engine.io-parser': [ '2.2.1' ],
14 silly audit   'enhanced-resolve': [ '5.12.0' ],
14 silly audit   'es-module-lexer': [ '0.9.3' ],
14 silly audit   esbuild: [ '0.15.18' ],
14 silly audit   'esbuild-android-64': [ '0.15.18' ],
14 silly audit   'esbuild-android-arm64': [ '0.15.18' ],
14 silly audit   'esbuild-darwin-64': [ '0.15.18' ],
14 silly audit   'esbuild-darwin-arm64': [ '0.15.18' ],
14 silly audit   'esbuild-freebsd-64': [ '0.15.18' ],
14 silly audit   'esbuild-freebsd-arm64': [ '0.15.18' ],
14 silly audit   'esbuild-linux-32': [ '0.15.18' ],
14 silly audit   'esbuild-linux-64': [ '0.15.18' ],
14 silly audit   'esbuild-linux-arm': [ '0.15.18' ],
14 silly audit   'esbuild-linux-arm64': [ '0.15.18' ],
14 silly audit   'esbuild-linux-mips64le': [ '0.15.18' ],
14 silly audit   'esbuild-linux-ppc64le': [ '0.15.18' ],
14 silly audit   'esbuild-linux-riscv64': [ '0.15.18' ],
14 silly audit   'esbuild-linux-s390x': [ '0.15.18' ],
14 silly audit   'esbuild-netbsd-64': [ '0.15.18' ],
14 silly audit   'esbuild-openbsd-64': [ '0.15.18' ],
14 silly audit   'esbuild-sunos-64': [ '0.15.18' ],
14 silly audit   'esbuild-windows-32': [ '0.15.18' ],
14 silly audit   'esbuild-windows-64': [ '0.15.18' ],
14 silly audit   'esbuild-windows-arm64': [ '0.15.18' ],
14 silly audit   escalade: [ '3.1.1' ],
14 silly audit   'escape-string-regexp': [ '4.0.0' ],
14 silly audit   eslint: [ '8.34.0' ],
14 silly audit   'eslint-plugin-vue': [ '9.9.0' ],
14 silly audit   'eslint-scope': [ '7.1.1', '5.1.1' ],
14 silly audit   'eslint-utils': [ '3.0.0' ],
14 silly audit   'eslint-visitor-keys': [ '2.1.0', '3.3.0' ],
14 silly audit   espree: [ '9.4.1' ],
14 silly audit   esquery: [ '1.4.2' ],
14 silly audit   esrecurse: [ '4.3.0' ],
14 silly audit   estraverse: [ '5.3.0', '4.3.0' ],
14 silly audit   'estree-walker': [ '2.0.2' ],
14 silly audit   esutils: [ '2.0.3' ],
14 silly audit   events: [ '3.3.0' ],
14 silly audit   'fast-deep-equal': [ '3.1.3' ],
14 silly audit   'fast-json-stable-stringify': [ '2.1.0' ],
14 silly audit   'fast-levenshtein': [ '2.0.6' ],
14 silly audit   fastq: [ '1.15.0' ],
14 silly audit   'file-entry-cache': [ '6.0.1' ],
14 silly audit   'file-saver': [ '2.0.5' ],
14 silly audit   'fill-range': [ '7.0.1' ],
14 silly audit   'find-up': [ '5.0.0' ],
14 silly audit   'flat-cache': [ '3.0.4' ],
14 silly audit   flatted: [ '3.2.7' ],
14 silly audit   'floating-vue': [ '2.0.0-beta.20' ],
14 silly audit   'follow-redirects': [ '1.15.2' ],
14 silly audit   'form-data': [ '4.0.0' ],
14 silly audit   'fs-extra': [ '10.1.0' ],
14 silly audit   'fs.realpath': [ '1.0.0' ],
14 silly audit   fsevents: [ '2.3.2' ],
14 silly audit   'function-bind': [ '1.1.1' ],
14 silly audit   glob: [ '7.2.3' ],
14 silly audit   'glob-to-regexp': [ '0.4.1' ],
14 silly audit   globals: [ '13.20.0' ],
14 silly audit   'graceful-fs': [ '4.2.10' ],
14 silly audit   'grapheme-splitter': [ '1.0.4' ],
14 silly audit   gsap: [ '3.11.4' ],
14 silly audit   has: [ '1.0.3' ],
14 silly audit   'has-binary2': [ '1.0.3' ],
14 silly audit   'has-cors': [ '1.1.0' ],
14 silly audit   'has-flag': [ '4.0.0' ],
14 silly audit   howler: [ '2.2.3' ],
14 silly audit   ignore: [ '5.2.4' ],
14 silly audit   immediate: [ '3.0.6' ],
14 silly audit   immutable: [ '4.2.4' ],
14 silly audit   'import-fresh': [ '3.3.0' ],
14 silly audit   imurmurhash: [ '0.1.4' ],
14 silly audit   indexof: [ '0.0.1' ],
14 silly audit   inflight: [ '1.0.6' ],
14 silly audit   inherits: [ '2.0.4' ],
14 silly audit   'is-binary-path': [ '2.1.0' ],
14 silly audit   'is-core-module': [ '2.11.0' ],
14 silly audit   'is-extglob': [ '2.1.1' ],
14 silly audit   'is-glob': [ '4.0.3' ],
14 silly audit   'is-number': [ '7.0.0' ],
14 silly audit   'is-path-inside': [ '3.0.3' ],
14 silly audit   isarray: [ '2.0.1', '1.0.0' ],
14 silly audit   isexe: [ '2.0.0' ],
14 silly audit   izitoast: [ '1.4.0' ],
14 silly audit   'jest-worker': [ '27.5.1' ],
14 silly audit   'supports-color': [ '8.1.1', '7.2.0' ],
14 silly audit   'js-sdsl': [ '4.3.0' ],
14 silly audit   'js-yaml': [ '4.1.0' ],
14 silly audit   'json-parse-even-better-errors': [ '2.3.1' ],
14 silly audit   'json-schema-traverse': [ '0.4.1' ],
14 silly audit   'json-stable-stringify-without-jsonify': [ '1.0.1' ],
14 silly audit   json5: [ '2.2.3' ],
14 silly audit   jsonfile: [ '6.1.0' ],
14 silly audit   jszip: [ '3.10.1' ],
14 silly audit   klona: [ '2.0.6' ],
14 silly audit   'laravel-vite-plugin': [ '0.6.1' ],
14 silly audit   levn: [ '0.4.1' ],
14 silly audit   lie: [ '3.3.0' ],
14 silly audit   'loader-runner': [ '4.3.0' ],
14 silly audit   'loader-utils': [ '2.0.4' ],
14 silly audit   'locate-path': [ '6.0.0' ],
14 silly audit   lodash: [ '4.17.21' ],
14 silly audit   'lodash.escape': [ '4.0.1' ],
14 silly audit   'lodash.merge': [ '4.6.2' ],
14 silly audit   'lru-cache': [ '6.0.0' ],
14 silly audit   'magic-string': [ '0.25.9' ],
14 silly audit   marked: [ '4.2.12' ],
14 silly audit   'merge-stream': [ '2.0.0' ],
14 silly audit   'mime-db': [ '1.52.0' ],
14 silly audit   'mime-types': [ '2.1.35' ],
14 silly audit   minimatch: [ '3.1.2' ],
14 silly audit   nanoid: [ '3.3.4' ],
14 silly audit   'natural-compare': [ '1.4.0' ],
14 silly audit   'neo-async': [ '2.6.2' ],
14 silly audit   'node-releases': [ '2.0.10' ],
14 silly audit   'normalize-path': [ '3.0.0' ],
14 silly audit   nprogress: [ '0.2.0' ],
14 silly audit   'nth-check': [ '2.1.1' ],
14 silly audit   once: [ '1.4.0' ],
14 silly audit   optionator: [ '0.9.1' ],
14 silly audit   overlayscrollbars: [ '1.13.3' ],
14 silly audit   'p-limit': [ '3.1.0' ],
14 silly audit   'p-locate': [ '5.0.0' ],
14 silly audit   pako: [ '1.0.11' ],
14 silly audit   'parent-module': [ '1.0.1' ],
14 silly audit   parseqs: [ '0.0.6' ],
14 silly audit   parseuri: [ '0.0.6' ],
14 silly audit   'path-exists': [ '4.0.0' ],
14 silly audit   'path-is-absolute': [ '1.0.1' ],
14 silly audit   'path-key': [ '3.1.1' ],
14 silly audit   'path-parse': [ '1.0.7' ],
14 silly audit   picocolors: [ '1.0.0' ],
14 silly audit   picomatch: [ '2.3.1' ],
14 silly audit   postcss: [ '8.4.21' ],
14 silly audit   'postcss-selector-parser': [ '6.0.11' ],
14 silly audit   preact: [ '10.12.1' ],
14 silly audit   'prelude-ls': [ '1.2.1' ],
14 silly audit   'process-nextick-args': [ '2.0.1' ],
14 silly audit   punycode: [ '2.3.0' ],
14 silly audit   'queue-microtask': [ '1.2.3' ],
14 silly audit   randombytes: [ '2.1.0' ],
14 silly audit   'raw-loader': [ '4.0.2' ],
14 silly audit   'readable-stream': [ '2.3.7' ],
14 silly audit   'safe-buffer': [ '5.1.2', '5.2.1' ],
14 silly audit   readdirp: [ '3.6.0' ],
14 silly audit   regexpp: [ '3.2.0' ],
14 silly audit   resolve: [ '1.22.1' ],
14 silly audit   'resolve-from': [ '4.0.0' ],
14 silly audit   reusify: [ '1.0.4' ],
14 silly audit   rimraf: [ '3.0.2' ],
14 silly audit   rollup: [ '2.79.1' ],
14 silly audit   'run-parallel': [ '1.2.0' ],
14 silly audit   sass: [ '1.58.3' ],
14 silly audit   'sass-loader': [ '12.6.0' ],
14 silly audit   'schema-utils': [ '3.1.1' ],
14 silly audit   semver: [ '7.3.8' ],
14 silly audit   'serialize-javascript': [ '6.0.1' ],
14 silly audit   setimmediate: [ '1.0.5' ],
14 silly audit   'shebang-command': [ '2.0.0' ],
14 silly audit   'shebang-regex': [ '3.0.0' ],
14 silly audit   shvl: [ '2.0.3' ],
14 silly audit   'socket.io-client': [ '2.5.0' ],
14 silly audit   'socket.io-parser': [ '3.3.3' ],
14 silly audit   'source-map': [ '0.6.1' ],
14 silly audit   'source-map-js': [ '1.0.2' ],
14 silly audit   'source-map-support': [ '0.5.21' ],
14 silly audit   'sourcemap-codec': [ '1.4.8' ],
14 silly audit   string_decoder: [ '1.1.1' ],
14 silly audit   'string-similarity': [ '4.0.4' ],
14 silly audit   'strip-ansi': [ '6.0.1' ],
14 silly audit   'strip-json-comments': [ '3.1.1' ],
14 silly audit   'style-mod': [ '4.0.0' ],
14 silly audit   'supports-preserve-symlinks-flag': [ '1.0.0' ],
14 silly audit   'svg.draggable.js': [ '2.2.2' ],
14 silly audit   'svg.easing.js': [ '2.0.0' ],
14 silly audit   'svg.filter.js': [ '2.0.2' ],
14 silly audit   'svg.js': [ '2.7.1' ],
14 silly audit   'svg.pathmorphing.js': [ '0.1.3' ],
14 silly audit   'svg.resize.js': [ '1.4.3' ],
14 silly audit   'svg.select.js': [ '2.1.2', '3.0.1' ],
14 silly audit   tapable: [ '2.2.1' ],
14 silly audit   terser: [ '5.16.4' ],
14 silly audit   'terser-webpack-plugin': [ '5.3.6' ],
14 silly audit   'text-table': [ '0.2.0' ],
14 silly audit   'to-array': [ '0.1.4' ],
14 silly audit   'to-regex-range': [ '5.0.1' ],
14 silly audit   'type-check': [ '0.4.0' ],
14 silly audit   'type-fest': [ '0.20.2' ],
14 silly audit   universalify: [ '2.0.0' ],
14 silly audit   'update-browserslist-db': [ '1.0.10' ],
14 silly audit   'uri-js': [ '4.4.1' ],
14 silly audit   'util-deprecate': [ '1.0.2' ],
14 silly audit   vite: [ '3.2.5' ],
14 silly audit   'vite-plugin-compression': [ '0.5.1' ],
14 silly audit   'vite-plugin-eslint': [ '1.8.1' ],
14 silly audit   'vite-plugin-full-reload': [ '1.0.5' ],
14 silly audit   vue: [ '3.2.47' ],
14 silly audit   'vue-eslint-parser': [ '9.1.0' ],
14 silly audit   'vue-i18n': [ '9.2.2' ],
14 silly audit   'vue-resize': [ '2.0.0-alpha.1' ],
14 silly audit   'vue-router': [ '4.1.6' ],
14 silly audit   vuex: [ '4.1.0' ],
14 silly audit   'vuex-persistedstate': [ '4.1.0' ],
14 silly audit   'w3c-keyname': [ '2.2.6' ],
14 silly audit   watchpack: [ '2.4.0' ],
14 silly audit   webpack: [ '5.75.0' ],
14 silly audit   'webpack-sources': [ '3.2.3' ],
14 silly audit   which: [ '2.0.2' ],
14 silly audit   'word-wrap': [ '1.2.3' ],
14 silly audit   wrappy: [ '1.0.2' ],
14 silly audit   ws: [ '7.4.6' ],
14 silly audit   'xml-name-validator': [ '4.0.0' ],
14 silly audit   'xmlhttprequest-ssl': [ '1.6.3' ],
14 silly audit   yallist: [ '4.0.0' ],
14 silly audit   yeast: [ '0.1.2' ],
14 silly audit   'yocto-queue': [ '0.1.0' ],
14 silly audit   zipcelx: [ '1.6.2' ]
14 silly audit }
15 verbose reify failed optional dependency /var/www/html/@admin/node_modules/fsevents
16 silly reify mark deleted [ '/var/www/html/@admin/node_modules/fsevents' ]
17 verbose reify failed optional dependency /var/www/html/@admin/node_modules/esbuild-windows-arm64
18 silly reify mark deleted [ '/var/www/html/@admin/node_modules/esbuild-windows-arm64' ]
19 verbose reify failed optional dependency /var/www/html/@admin/node_modules/esbuild-windows-64
20 silly reify mark deleted [ '/var/www/html/@admin/node_modules/esbuild-windows-64' ]
21 verbose reify failed optional dependency /var/www/html/@admin/node_modules/esbuild-windows-32
22 silly reify mark deleted [ '/var/www/html/@admin/node_modules/esbuild-windows-32' ]
23 verbose reify failed optional dependency /var/www/html/@admin/node_modules/esbuild-sunos-64
24 silly reify mark deleted [ '/var/www/html/@admin/node_modules/esbuild-sunos-64' ]
25 verbose reify failed optional dependency /var/www/html/@admin/node_modules/esbuild-openbsd-64
26 silly reify mark deleted [ '/var/www/html/@admin/node_modules/esbuild-openbsd-64' ]
27 verbose reify failed optional dependency /var/www/html/@admin/node_modules/esbuild-netbsd-64
28 silly reify mark deleted [ '/var/www/html/@admin/node_modules/esbuild-netbsd-64' ]
29 verbose reify failed optional dependency /var/www/html/@admin/node_modules/esbuild-linux-s390x
30 silly reify mark deleted [ '/var/www/html/@admin/node_modules/esbuild-linux-s390x' ]
31 verbose reify failed optional dependency /var/www/html/@admin/node_modules/esbuild-linux-riscv64
32 silly reify mark deleted [ '/var/www/html/@admin/node_modules/esbuild-linux-riscv64' ]
33 verbose reify failed optional dependency /var/www/html/@admin/node_modules/esbuild-linux-ppc64le
34 silly reify mark deleted [ '/var/www/html/@admin/node_modules/esbuild-linux-ppc64le' ]
35 verbose reify failed optional dependency /var/www/html/@admin/node_modules/esbuild-linux-mips64le
36 silly reify mark deleted [ '/var/www/html/@admin/node_modules/esbuild-linux-mips64le' ]
37 verbose reify failed optional dependency /var/www/html/@admin/node_modules/esbuild-linux-arm64
38 silly reify mark deleted [ '/var/www/html/@admin/node_modules/esbuild-linux-arm64' ]
39 verbose reify failed optional dependency /var/www/html/@admin/node_modules/esbuild-linux-arm
40 silly reify mark deleted [ '/var/www/html/@admin/node_modules/esbuild-linux-arm' ]
41 verbose reify failed optional dependency /var/www/html/@admin/node_modules/esbuild-linux-32
42 silly reify mark deleted [ '/var/www/html/@admin/node_modules/esbuild-linux-32' ]
43 verbose reify failed optional dependency /var/www/html/@admin/node_modules/esbuild-freebsd-arm64
44 silly reify mark deleted [ '/var/www/html/@admin/node_modules/esbuild-freebsd-arm64' ]
45 verbose reify failed optional dependency /var/www/html/@admin/node_modules/esbuild-freebsd-64
46 silly reify mark deleted [ '/var/www/html/@admin/node_modules/esbuild-freebsd-64' ]
47 verbose reify failed optional dependency /var/www/html/@admin/node_modules/esbuild-darwin-arm64
48 silly reify mark deleted [ '/var/www/html/@admin/node_modules/esbuild-darwin-arm64' ]
49 verbose reify failed optional dependency /var/www/html/@admin/node_modules/esbuild-darwin-64
50 silly reify mark deleted [ '/var/www/html/@admin/node_modules/esbuild-darwin-64' ]
51 verbose reify failed optional dependency /var/www/html/@admin/node_modules/esbuild-android-arm64
52 silly reify mark deleted [ '/var/www/html/@admin/node_modules/esbuild-android-arm64' ]
53 verbose reify failed optional dependency /var/www/html/@admin/node_modules/esbuild-android-64
54 silly reify mark deleted [ '/var/www/html/@admin/node_modules/esbuild-android-64' ]
55 verbose reify failed optional dependency /var/www/html/@admin/node_modules/@esbuild/linux-loong64
56 silly reify mark deleted [ '/var/www/html/@admin/node_modules/@esbuild/linux-loong64' ]
57 verbose reify failed optional dependency /var/www/html/@admin/node_modules/@esbuild/android-arm
58 silly reify mark deleted [ '/var/www/html/@admin/node_modules/@esbuild/android-arm' ]
59 silly tarball no local data for zipcelx@https://registry.npmjs.org/zipcelx/-/zipcelx-1.6.2.tgz. Extracting by manifest.
60 silly tarball no local data for w3c-keyname@https://registry.npmjs.org/w3c-keyname/-/w3c-keyname-2.2.6.tgz. Extracting by manifest.
61 silly tarball no local data for vuex-persistedstate@https://registry.npmjs.org/vuex-persistedstate/-/vuex-persistedstate-4.1.0.tgz. Extracting by manifest.
62 silly tarball no local data for vue-resize@https://registry.npmjs.org/vue-resize/-/vue-resize-2.0.0-alpha.1.tgz. Extracting by manifest.
63 silly tarball no local data for vuex@https://registry.npmjs.org/vuex/-/vuex-4.1.0.tgz. Extracting by manifest.
64 silly tarball no local data for vue-router@https://registry.npmjs.org/vue-router/-/vue-router-4.1.6.tgz. Extracting by manifest.
65 silly tarball no local data for vue-i18n@https://registry.npmjs.org/vue-i18n/-/vue-i18n-9.2.2.tgz. Extracting by manifest.
66 silly tarball no local data for vue@https://registry.npmjs.org/vue/-/vue-3.2.47.tgz. Extracting by manifest.
67 silly tarball no local data for style-mod@https://registry.npmjs.org/style-mod/-/style-mod-4.0.0.tgz. Extracting by manifest.
68 silly tarball no local data for string-similarity@https://registry.npmjs.org/string-similarity/-/string-similarity-4.0.4.tgz. Extracting by manifest.
69 silly tarball no local data for string_decoder@https://registry.npmjs.org/string_decoder/-/string_decoder-1.1.1.tgz. Extracting by manifest.
70 silly tarball no local data for sourcemap-codec@https://registry.npmjs.org/sourcemap-codec/-/sourcemap-codec-1.4.8.tgz. Extracting by manifest.
71 silly tarball no local data for setimmediate@https://registry.npmjs.org/setimmediate/-/setimmediate-1.0.5.tgz. Extracting by manifest.
72 silly tarball no local data for sass-loader@https://registry.npmjs.org/sass-loader/-/sass-loader-12.6.0.tgz. Extracting by manifest.
73 silly tarball no local data for readable-stream@https://registry.npmjs.org/readable-stream/-/readable-stream-2.3.7.tgz. Extracting by manifest.
74 silly tarball no local data for preact@https://registry.npmjs.org/preact/-/preact-10.12.1.tgz. Extracting by manifest.
75 silly tarball no local data for process-nextick-args@https://registry.npmjs.org/process-nextick-args/-/process-nextick-args-2.0.1.tgz. Extracting by manifest.
76 silly tarball no local data for pako@https://registry.npmjs.org/pako/-/pako-1.0.11.tgz. Extracting by manifest.
77 silly tarball no local data for nprogress@https://registry.npmjs.org/nprogress/-/nprogress-0.2.0.tgz. Extracting by manifest.
78 silly tarball no local data for magic-string@https://registry.npmjs.org/magic-string/-/magic-string-0.25.9.tgz. Extracting by manifest.
79 silly tarball no local data for marked@https://registry.npmjs.org/marked/-/marked-4.2.12.tgz. Extracting by manifest.
80 silly tarball no local data for lodash.escape@https://registry.npmjs.org/lodash.escape/-/lodash.escape-4.0.1.tgz. Extracting by manifest.
81 silly tarball no local data for laravel-vite-plugin@https://registry.npmjs.org/laravel-vite-plugin/-/laravel-vite-plugin-0.6.1.tgz. Extracting by manifest.
82 silly tarball no local data for lie@https://registry.npmjs.org/lie/-/lie-3.3.0.tgz. Extracting by manifest.
83 silly tarball no local data for jszip@https://registry.npmjs.org/jszip/-/jszip-3.10.1.tgz. Extracting by manifest.
84 silly tarball no local data for klona@https://registry.npmjs.org/klona/-/klona-2.0.6.tgz. Extracting by manifest.
85 silly tarball no local data for immediate@https://registry.npmjs.org/immediate/-/immediate-3.0.6.tgz. Extracting by manifest.
86 silly tarball no local data for floating-vue@https://registry.npmjs.org/floating-vue/-/floating-vue-2.0.0-beta.20.tgz. Extracting by manifest.
87 silly tarball no local data for file-saver@https://registry.npmjs.org/file-saver/-/file-saver-2.0.5.tgz. Extracting by manifest.
88 silly tarball no local data for date-fns-tz@https://registry.npmjs.org/date-fns-tz/-/date-fns-tz-1.3.8.tgz. Extracting by manifest.
89 silly tarball no local data for date-fns@https://registry.npmjs.org/date-fns/-/date-fns-2.29.3.tgz. Extracting by manifest.
90 silly tarball no local data for csstype@https://registry.npmjs.org/csstype/-/csstype-2.6.21.tgz. Extracting by manifest.
91 silly tarball no local data for core-util-is@https://registry.npmjs.org/core-util-is/-/core-util-is-1.0.3.tgz. Extracting by manifest.
92 silly tarball no local data for crelt@https://registry.npmjs.org/crelt/-/crelt-1.0.5.tgz. Extracting by manifest.
93 silly tarball no local data for codemirror@https://registry.npmjs.org/codemirror/-/codemirror-6.0.1.tgz. Extracting by manifest.
94 silly tarball no local data for click-outside-vue3@https://registry.npmjs.org/click-outside-vue3/-/click-outside-vue3-4.0.1.tgz. Extracting by manifest.
95 silly tarball no local data for axios@https://registry.npmjs.org/axios/-/axios-0.27.2.tgz. Extracting by manifest.
96 silly tarball no local data for @vue/shared@https://registry.npmjs.org/@vue/shared/-/shared-3.2.47.tgz. Extracting by manifest.
97 silly tarball no local data for @vuepic/vue-datepicker@https://registry.npmjs.org/@vuepic/vue-datepicker/-/vue-datepicker-3.6.8.tgz. Extracting by manifest.
98 silly tarball no local data for @vue/server-renderer@https://registry.npmjs.org/@vue/server-renderer/-/server-renderer-3.2.47.tgz. Extracting by manifest.
99 silly tarball no local data for @vue/runtime-dom@https://registry.npmjs.org/@vue/runtime-dom/-/runtime-dom-3.2.47.tgz. Extracting by manifest.
100 silly tarball no local data for @vue/reactivity-transform@https://registry.npmjs.org/@vue/reactivity-transform/-/reactivity-transform-3.2.47.tgz. Extracting by manifest.
101 silly tarball no local data for @vue/runtime-core@https://registry.npmjs.org/@vue/runtime-core/-/runtime-core-3.2.47.tgz. Extracting by manifest.
102 silly tarball no local data for @vue/reactivity@https://registry.npmjs.org/@vue/reactivity/-/reactivity-3.2.47.tgz. Extracting by manifest.
103 silly tarball no local data for @vue/compiler-ssr@https://registry.npmjs.org/@vue/compiler-ssr/-/compiler-ssr-3.2.47.tgz. Extracting by manifest.
104 silly tarball no local data for @vue/devtools-api@https://registry.npmjs.org/@vue/devtools-api/-/devtools-api-6.5.0.tgz. Extracting by manifest.
105 silly tarball no local data for @vue/compiler-sfc@https://registry.npmjs.org/@vue/compiler-sfc/-/compiler-sfc-3.2.47.tgz. Extracting by manifest.
106 silly tarball no local data for @vue/compiler-core@https://registry.npmjs.org/@vue/compiler-core/-/compiler-core-3.2.47.tgz. Extracting by manifest.
107 silly tarball no local data for @vitejs/plugin-vue@https://registry.npmjs.org/@vitejs/plugin-vue/-/plugin-vue-3.2.0.tgz. Extracting by manifest.
108 silly tarball no local data for @vue/compiler-dom@https://registry.npmjs.org/@vue/compiler-dom/-/compiler-dom-3.2.47.tgz. Extracting by manifest.
109 silly tarball no local data for @lezer/json@https://registry.npmjs.org/@lezer/json/-/json-1.0.0.tgz. Extracting by manifest.
110 silly tarball no local data for @lezer/highlight@https://registry.npmjs.org/@lezer/highlight/-/highlight-1.1.3.tgz. Extracting by manifest.
111 silly tarball no local data for @lezer/lr@https://registry.npmjs.org/@lezer/lr/-/lr-1.3.3.tgz. Extracting by manifest.
112 silly tarball no local data for @lezer/css@https://registry.npmjs.org/@lezer/css/-/css-1.1.1.tgz. Extracting by manifest.
113 silly tarball no local data for @lezer/common@https://registry.npmjs.org/@lezer/common/-/common-1.0.2.tgz. Extracting by manifest.
114 silly tarball no local data for @irojs/iro-core@https://registry.npmjs.org/@irojs/iro-core/-/iro-core-1.2.1.tgz. Extracting by manifest.
115 silly tarball no local data for @intlify/vue-devtools@https://registry.npmjs.org/@intlify/vue-devtools/-/vue-devtools-9.2.2.tgz. Extracting by manifest.
116 silly tarball no local data for @intlify/message-compiler@https://registry.npmjs.org/@intlify/message-compiler/-/message-compiler-9.2.2.tgz. Extracting by manifest.
117 silly tarball no local data for @intlify/shared@https://registry.npmjs.org/@intlify/shared/-/shared-9.2.2.tgz. Extracting by manifest.
118 silly tarball no local data for @intlify/devtools-if@https://registry.npmjs.org/@intlify/devtools-if/-/devtools-if-9.2.2.tgz. Extracting by manifest.
119 silly tarball no local data for @intlify/core-base@https://registry.npmjs.org/@intlify/core-base/-/core-base-9.2.2.tgz. Extracting by manifest.
120 silly tarball no local data for @floating-ui/dom@https://registry.npmjs.org/@floating-ui/dom/-/dom-0.1.10.tgz. Extracting by manifest.
121 silly tarball no local data for @floating-ui/core@https://registry.npmjs.org/@floating-ui/core/-/core-0.3.1.tgz. Extracting by manifest.
122 silly tarball no local data for @jaames/iro@https://registry.npmjs.org/@jaames/iro/-/iro-5.5.2.tgz. Extracting by manifest.
123 silly tarball no local data for @codemirror/view@https://registry.npmjs.org/@codemirror/view/-/view-6.9.1.tgz. Extracting by manifest.
124 silly tarball no local data for @codemirror/theme-one-dark@https://registry.npmjs.org/@codemirror/theme-one-dark/-/theme-one-dark-6.1.1.tgz. Extracting by manifest.
125 silly tarball no local data for @codemirror/state@https://registry.npmjs.org/@codemirror/state/-/state-6.2.0.tgz. Extracting by manifest.
126 silly tarball no local data for @codemirror/language@https://registry.npmjs.org/@codemirror/language/-/language-6.6.0.tgz. Extracting by manifest.
127 silly tarball no local data for @codemirror/lang-json@https://registry.npmjs.org/@codemirror/lang-json/-/lang-json-6.0.1.tgz. Extracting by manifest.
128 silly tarball no local data for @codemirror/lang-css@https://registry.npmjs.org/@codemirror/lang-css/-/lang-css-6.0.2.tgz. Extracting by manifest.
129 silly tarball no local data for @codemirror/commands@https://registry.npmjs.org/@codemirror/commands/-/commands-6.2.1.tgz. Extracting by manifest.
130 silly tarball no local data for @codemirror/search@https://registry.npmjs.org/@codemirror/search/-/search-6.2.3.tgz. Extracting by manifest.
131 silly tarball no local data for @codemirror/autocomplete@https://registry.npmjs.org/@codemirror/autocomplete/-/autocomplete-6.4.2.tgz. Extracting by manifest.
132 silly tarball no local data for safe-buffer@https://registry.npmjs.org/safe-buffer/-/safe-buffer-5.1.2.tgz. Extracting by manifest.
133 silly tarball no local data for safe-buffer@https://registry.npmjs.org/safe-buffer/-/safe-buffer-5.1.2.tgz. Extracting by manifest.
134 silly tarball no local data for isarray@https://registry.npmjs.org/isarray/-/isarray-1.0.0.tgz. Extracting by manifest.
135 silly tarball no local data for @codemirror/lint@https://registry.npmjs.org/@codemirror/lint/-/lint-6.1.1.tgz. Extracting by manifest.
136 http fetch POST 200 https://registry.npmjs.org/-/npm/v1/security/advisories/bulk 1558ms
137 silly audit report {
137 silly audit report   axios: [
137 silly audit report     {
137 silly audit report       id: 1097679,
137 silly audit report       url: 'https://github.com/advisories/GHSA-wf5p-g6vw-rhxx',
137 silly audit report       title: 'Axios Cross-Site Request Forgery Vulnerability',
137 silly audit report       severity: 'moderate',
137 silly audit report       vulnerable_versions: '>=0.8.1 <0.28.0',
137 silly audit report       cwe: [Array],
137 silly audit report       cvss: [Object]
137 silly audit report     }
137 silly audit report   ],
137 silly audit report   braces: [
137 silly audit report     {
137 silly audit report       id: 1098094,
137 silly audit report       url: 'https://github.com/advisories/GHSA-grv7-fg5c-xmjg',
137 silly audit report       title: 'Uncontrolled resource consumption in braces',
137 silly audit report       severity: 'high',
137 silly audit report       vulnerable_versions: '<3.0.3',
137 silly audit report       cwe: [Array],
137 silly audit report       cvss: [Object]
137 silly audit report     }
137 silly audit report   ],
137 silly audit report   'follow-redirects': [
137 silly audit report     {
137 silly audit report       id: 1096856,
137 silly audit report       url: 'https://github.com/advisories/GHSA-cxjh-pqwp-8mfp',
137 silly audit report       title: "follow-redirects' Proxy-Authorization header kept across hosts",
137 silly audit report       severity: 'moderate',
137 silly audit report       vulnerable_versions: '<=1.15.5',
137 silly audit report       cwe: [Array],
137 silly audit report       cvss: [Object]
137 silly audit report     },
137 silly audit report     {
137 silly audit report       id: 1096353,
137 silly audit report       url: 'https://github.com/advisories/GHSA-jchw-25xp-jwwc',
137 silly audit report       title: 'Follow Redirects improperly handles URLs in the url.parse() function',
137 silly audit report       severity: 'moderate',
137 silly audit report       vulnerable_versions: '<1.15.4',
137 silly audit report       cwe: [Array],
137 silly audit report       cvss: [Object]
137 silly audit report     }
137 silly audit report   ],
137 silly audit report   postcss: [
137 silly audit report     {
137 silly audit report       id: 1094544,
137 silly audit report       url: 'https://github.com/advisories/GHSA-7fh5-64p2-3v2j',
137 silly audit report       title: 'PostCSS line return parsing error',
137 silly audit report       severity: 'moderate',
137 silly audit report       vulnerable_versions: '<8.4.31',
137 silly audit report       cwe: [Array],
137 silly audit report       cvss: [Object]
137 silly audit report     }
137 silly audit report   ],
137 silly audit report   rollup: [
137 silly audit report     {
137 silly audit report       id: 1099757,
137 silly audit report       url: 'https://github.com/advisories/GHSA-gcx4-mw62-g8wm',
137 silly audit report       title: 'DOM Clobbering Gadget found in rollup bundled scripts that leads to XSS',
137 silly audit report       severity: 'high',
137 silly audit report       vulnerable_versions: '<2.79.2',
137 silly audit report       cwe: [Array],
137 silly audit report       cvss: [Object]
137 silly audit report     }
137 silly audit report   ],
137 silly audit report   semver: [
137 silly audit report     {
137 silly audit report       id: 1098562,
137 silly audit report       url: 'https://github.com/advisories/GHSA-c2qf-rxjj-qqgw',
137 silly audit report       title: 'semver vulnerable to Regular Expression Denial of Service',
137 silly audit report       severity: 'high',
137 silly audit report       vulnerable_versions: '>=7.0.0 <7.5.2',
137 silly audit report       cwe: [Array],
137 silly audit report       cvss: [Object]
137 silly audit report     }
137 silly audit report   ],
137 silly audit report   'socket.io-parser': [
137 silly audit report     {
137 silly audit report       id: 1098328,
137 silly audit report       url: 'https://github.com/advisories/GHSA-cqmj-92xf-r6r9',
137 silly audit report       title: 'Insufficient validation when decoding a Socket.IO packet',
137 silly audit report       severity: 'high',
137 silly audit report       vulnerable_versions: '<3.3.4',
137 silly audit report       cwe: [Array],
137 silly audit report       cvss: [Object]
137 silly audit report     }
137 silly audit report   ],
137 silly audit report   vite: [
137 silly audit report     {
137 silly audit report       id: 1099690,
137 silly audit report       url: 'https://github.com/advisories/GHSA-64vr-g452-qvp3',
137 silly audit report       title: 'Vite DOM Clobbering gadget found in vite bundled scripts that leads to XSS',
137 silly audit report       severity: 'moderate',
137 silly audit report       vulnerable_versions: '<3.2.11',
137 silly audit report       cwe: [Array],
137 silly audit report       cvss: [Object]
137 silly audit report     },
137 silly audit report     {
137 silly audit report       id: 1099695,
137 silly audit report       url: 'https://github.com/advisories/GHSA-9cwx-2883-4wfx',
137 silly audit report       title: "Vite's `server.fs.deny` is bypassed when using `?import&raw`",
137 silly audit report       severity: 'moderate',
137 silly audit report       vulnerable_versions: '<=3.2.10',
137 silly audit report       cwe: [Array],
137 silly audit report       cvss: [Object]
137 silly audit report     },
137 silly audit report     {
137 silly audit report       id: 1095468,
137 silly audit report       url: 'https://github.com/advisories/GHSA-c24v-8rfc-w8vw',
137 silly audit report       title: 'Vite dev server option `server.fs.deny` can be bypassed when hosted on case-insensitive filesystem',
137 silly audit report       severity: 'high',
137 silly audit report       vulnerable_versions: '>=3.0.0 <=3.2.7',
137 silly audit report       cwe: [Array],
137 silly audit report       cvss: [Object]
137 silly audit report     },
137 silly audit report     {
137 silly audit report       id: 1096896,
137 silly audit report       url: 'https://github.com/advisories/GHSA-8jhw-289h-jh2g',
137 silly audit report       title: "Vite's `server.fs.deny` did not deny requests for patterns with directories.",
137 silly audit report       severity: 'moderate',
137 silly audit report       vulnerable_versions: '>=3.0.0 <=3.2.8',
137 silly audit report       cwe: [Array],
137 silly audit report       cvss: [Object]
137 silly audit report     },
137 silly audit report     {
137 silly audit report       id: 1098580,
137 silly audit report       url: 'https://github.com/advisories/GHSA-353f-5xf4-qw67',
137 silly audit report       title: 'Vite Server Options (server.fs.deny) can be bypassed using double forward-slash (//)',
137 silly audit report       severity: 'high',
137 silly audit report       vulnerable_versions: '>=3.0.2 <3.2.7',
137 silly audit report       cwe: [Array],
137 silly audit report       cvss: [Object]
137 silly audit report     }
137 silly audit report   ],
137 silly audit report   webpack: [
137 silly audit report     {
137 silly audit report       id: 1094471,
137 silly audit report       url: 'https://github.com/advisories/GHSA-hc6q-2mpp-qw7j',
137 silly audit report       title: 'Cross-realm object access in Webpack 5',
137 silly audit report       severity: 'critical',
137 silly audit report       vulnerable_versions: '>=5.0.0 <5.76.0',
137 silly audit report       cwe: [],
137 silly audit report       cvss: [Object]
137 silly audit report     },
137 silly audit report     {
137 silly audit report       id: 1099351,
137 silly audit report       url: 'https://github.com/advisories/GHSA-4vvj-4cpr-p986',
137 silly audit report       title: "Webpack's AutoPublicPathRuntimeModule has a DOM Clobbering Gadget that leads to XSS",
137 silly audit report       severity: 'moderate',
137 silly audit report       vulnerable_versions: '>=5.0.0-alpha.0 <5.94.0',
137 silly audit report       cwe: [Array],
137 silly audit report       cvss: [Object]
137 silly audit report     }
137 silly audit report   ],
137 silly audit report   'word-wrap': [
137 silly audit report     {
137 silly audit report       id: 1097681,
137 silly audit report       url: 'https://github.com/advisories/GHSA-j8xg-fqg3-53r7',
137 silly audit report       title: 'word-wrap vulnerable to Regular Expression Denial of Service',
137 silly audit report       severity: 'moderate',
137 silly audit report       vulnerable_versions: '<1.2.4',
137 silly audit report       cwe: [Array],
137 silly audit report       cvss: [Object]
137 silly audit report     }
137 silly audit report   ],
137 silly audit report   ws: [
137 silly audit report     {
137 silly audit report       id: 1098393,
137 silly audit report       url: 'https://github.com/advisories/GHSA-3h5v-q93c-6h6q',
137 silly audit report       title: 'ws affected by a DoS when handling a request with many HTTP headers',
137 silly audit report       severity: 'high',
137 silly audit report       vulnerable_versions: '>=7.0.0 <7.5.10',
137 silly audit report       cwe: [Array],
137 silly audit report       cvss: [Object]
137 silly audit report     }
137 silly audit report   ]
137 silly audit report }
138 warn deprecated shvl@2.0.3: older versions vulnerable to prototype pollution
139 http fetch GET 200 https://registry.npmjs.org/w3c-keyname/-/w3c-keyname-2.2.6.tgz 1706ms (cache miss)
140 http fetch GET 200 https://registry.npmjs.org/setimmediate/-/setimmediate-1.0.5.tgz 1711ms (cache miss)
141 http fetch GET 200 https://registry.npmjs.org/process-nextick-args/-/process-nextick-args-2.0.1.tgz 1708ms (cache miss)
142 http fetch GET 200 https://registry.npmjs.org/string_decoder/-/string_decoder-1.1.1.tgz 1729ms (cache miss)
143 http fetch GET 200 https://registry.npmjs.org/klona/-/klona-2.0.6.tgz 1715ms (cache miss)
144 http fetch GET 200 https://registry.npmjs.org/sourcemap-codec/-/sourcemap-codec-1.4.8.tgz 1782ms (cache miss)
145 warn deprecated sourcemap-codec@1.4.8: Please use @jridgewell/sourcemap-codec instead
146 http fetch GET 200 https://registry.npmjs.org/string-similarity/-/string-similarity-4.0.4.tgz 1785ms (cache miss)
147 http fetch GET 200 https://registry.npmjs.org/style-mod/-/style-mod-4.0.0.tgz 1788ms (cache miss)
148 http fetch GET 200 https://registry.npmjs.org/lodash.escape/-/lodash.escape-4.0.1.tgz 1774ms (cache miss)
149 http fetch GET 200 https://registry.npmjs.org/nprogress/-/nprogress-0.2.0.tgz 1779ms (cache miss)
150 http fetch GET 200 https://registry.npmjs.org/crelt/-/crelt-1.0.5.tgz 1759ms (cache miss)
151 http fetch GET 200 https://registry.npmjs.org/click-outside-vue3/-/click-outside-vue3-4.0.1.tgz 1757ms (cache miss)
152 http fetch GET 200 https://registry.npmjs.org/immediate/-/immediate-3.0.6.tgz 1784ms (cache miss)
153 http fetch GET 200 https://registry.npmjs.org/core-util-is/-/core-util-is-1.0.3.tgz 1776ms (cache miss)
154 http fetch GET 200 https://registry.npmjs.org/braces 511ms (cache hit)
155 http fetch GET 200 https://registry.npmjs.org/follow-redirects 512ms (cache hit)
156 http fetch GET 200 https://registry.npmjs.org/semver 510ms (cache hit)
157 http fetch GET 200 https://registry.npmjs.org/axios 519ms (cache hit)
158 http fetch GET 200 https://registry.npmjs.org/word-wrap 517ms (cache hit)
159 http fetch GET 200 https://registry.npmjs.org/postcss 527ms (cache hit)
160 http fetch GET 200 https://registry.npmjs.org/ws 524ms (cache hit)
161 http fetch GET 200 https://registry.npmjs.org/socket.io-parser 534ms (cache hit)
162 http fetch GET 200 https://registry.npmjs.org/codemirror/-/codemirror-6.0.1.tgz 1814ms (cache miss)
163 http fetch GET 200 https://registry.npmjs.org/vite 543ms (cache hit)
164 http fetch GET 200 https://registry.npmjs.org/rollup 601ms (cache hit)
165 http fetch GET 200 https://registry.npmjs.org/webpack 630ms (cache hit)
166 http fetch GET 200 https://registry.npmjs.org/laravel-vite-plugin/-/laravel-vite-plugin-0.6.1.tgz 2044ms (cache miss)
167 http fetch GET 200 https://registry.npmjs.org/@lezer/highlight/-/highlight-1.1.3.tgz 2052ms (cache miss)
168 http fetch GET 200 https://registry.npmjs.org/lie/-/lie-3.3.0.tgz 2101ms (cache miss)
169 http fetch GET 200 https://registry.npmjs.org/file-saver/-/file-saver-2.0.5.tgz 2116ms (cache miss)
170 http fetch GET 200 https://registry.npmjs.org/@lezer/lr/-/lr-1.3.3.tgz 2106ms (cache miss)
171 http fetch GET 200 https://registry.npmjs.org/@intlify/vue-devtools/-/vue-devtools-9.2.2.tgz 2110ms (cache miss)
172 http fetch GET 200 https://registry.npmjs.org/sass-loader/-/sass-loader-12.6.0.tgz 2175ms (cache miss)
173 http fetch GET 200 https://registry.npmjs.org/vuex-persistedstate/-/vuex-persistedstate-4.1.0.tgz 2227ms (cache miss)
174 warn deprecated vuex-persistedstate@4.1.0: Package no longer supported. Contact Support at https://www.npmjs.com/support for more info.
175 http fetch GET 200 https://registry.npmjs.org/@lezer/json/-/json-1.0.0.tgz 2174ms (cache miss)
176 http fetch GET 200 https://registry.npmjs.org/@vue/compiler-ssr/-/compiler-ssr-3.2.47.tgz 2186ms (cache miss)
177 http fetch GET 200 https://registry.npmjs.org/@lezer/common/-/common-1.0.2.tgz 2179ms (cache miss)
178 http fetch GET 200 https://registry.npmjs.org/vue-resize/-/vue-resize-2.0.0-alpha.1.tgz 2252ms (cache miss)
179 http fetch GET 200 https://registry.npmjs.org/@vue/reactivity-transform/-/reactivity-transform-3.2.47.tgz 2217ms (cache miss)
180 http fetch GET 200 https://registry.npmjs.org/@intlify/devtools-if/-/devtools-if-9.2.2.tgz 2238ms (cache miss)
181 http fetch GET 200 https://registry.npmjs.org/@intlify/shared/-/shared-9.2.2.tgz 2294ms (cache miss)
182 http fetch GET 200 https://registry.npmjs.org/chokidar 188ms (cache hit)
183 http fetch GET 200 https://registry.npmjs.org/@codemirror/theme-one-dark/-/theme-one-dark-6.1.1.tgz 2332ms (cache miss)
184 http fetch GET 200 https://registry.npmjs.org/@vue/shared/-/shared-3.2.47.tgz 2417ms (cache miss)
185 http fetch GET 200 https://registry.npmjs.org/readable-stream/-/readable-stream-2.3.7.tgz 2464ms (cache miss)
186 http fetch GET 200 https://registry.npmjs.org/@intlify/message-compiler/-/message-compiler-9.2.2.tgz 2407ms (cache miss)
187 http fetch GET 200 https://registry.npmjs.org/@vitejs/plugin-vue/-/plugin-vue-3.2.0.tgz 2419ms (cache miss)
188 http fetch GET 200 https://registry.npmjs.org/safe-buffer/-/safe-buffer-5.1.2.tgz 2400ms (cache miss)
189 http fetch GET 200 https://registry.npmjs.org/magic-string/-/magic-string-0.25.9.tgz 2484ms (cache miss)
190 http fetch GET 200 https://registry.npmjs.org/@codemirror/language/-/language-6.6.0.tgz 2425ms (cache miss)
191 http fetch GET 200 https://registry.npmjs.org/safe-buffer/-/safe-buffer-5.1.2.tgz 2422ms (cache miss)
192 http fetch GET 200 https://registry.npmjs.org/vuex/-/vuex-4.1.0.tgz 2526ms (cache miss)
193 http fetch GET 200 https://registry.npmjs.org/@vue/reactivity/-/reactivity-3.2.47.tgz 2486ms (cache miss)
194 http fetch GET 200 https://registry.npmjs.org/isarray/-/isarray-1.0.0.tgz 2439ms (cache miss)
195 http fetch GET 200 https://registry.npmjs.org/@vue/devtools-api/-/devtools-api-6.5.0.tgz 2486ms (cache miss)
196 http fetch GET 200 https://registry.npmjs.org/@vue/server-renderer/-/server-renderer-3.2.47.tgz 2519ms (cache miss)
197 http fetch GET 200 https://registry.npmjs.org/@codemirror/search/-/search-6.2.3.tgz 2476ms (cache miss)
198 http fetch GET 200 https://registry.npmjs.org/@vue%2fcompiler-sfc 123ms (cache hit)
199 http fetch GET 200 https://registry.npmjs.org/@lezer/css/-/css-1.1.1.tgz 2563ms (cache miss)
200 http fetch GET 200 https://registry.npmjs.org/zipcelx/-/zipcelx-1.6.2.tgz 2656ms (cache miss)
201 http fetch GET 200 https://registry.npmjs.org/marked/-/marked-4.2.12.tgz 2648ms (cache miss)
202 http fetch GET 200 https://registry.npmjs.org/vite-plugin-eslint 138ms (cache hit)
203 http fetch GET 200 https://registry.npmjs.org/@vue/runtime-core/-/runtime-core-3.2.47.tgz 2773ms (cache miss)
204 http fetch GET 200 https://registry.npmjs.org/floating-vue/-/floating-vue-2.0.0-beta.20.tgz 2806ms (cache miss)
205 http fetch GET 200 https://registry.npmjs.org/@codemirror/lang-json/-/lang-json-6.0.1.tgz 2754ms (cache miss)
206 http fetch GET 200 https://registry.npmjs.org/axios/-/axios-0.27.2.tgz 2830ms (cache miss)
207 http fetch GET 200 https://registry.npmjs.org/vue-eslint-parser 114ms (cache hit)
208 http fetch GET 200 https://registry.npmjs.org/eslint-plugin-vue 119ms (cache hit)
209 http fetch GET 200 https://registry.npmjs.org/vue-router/-/vue-router-4.1.6.tgz 2899ms (cache miss)
210 http fetch GET 200 https://registry.npmjs.org/@vue/runtime-dom/-/runtime-dom-3.2.47.tgz 2879ms (cache miss)
211 http fetch GET 200 https://registry.npmjs.org/pako/-/pako-1.0.11.tgz 2929ms (cache miss)
212 http fetch GET 200 https://registry.npmjs.org/@codemirror/autocomplete/-/autocomplete-6.4.2.tgz 2856ms (cache miss)
213 http fetch GET 200 https://registry.npmjs.org/@codemirror/state/-/state-6.2.0.tgz 2875ms (cache miss)
214 http fetch GET 200 https://registry.npmjs.org/@jaames/iro/-/iro-5.5.2.tgz 2896ms (cache miss)
215 http fetch GET 200 https://registry.npmjs.org/@irojs/iro-core/-/iro-core-1.2.1.tgz 2904ms (cache miss)
216 http fetch GET 200 https://registry.npmjs.org/@codemirror/commands/-/commands-6.2.1.tgz 2881ms (cache miss)
217 http fetch GET 200 https://registry.npmjs.org/socket.io-client 92ms (cache hit)
218 http fetch GET 200 https://registry.npmjs.org/@intlify/core-base/-/core-base-9.2.2.tgz 2933ms (cache miss)
219 http fetch GET 200 https://registry.npmjs.org/@vue/compiler-dom/-/compiler-dom-3.2.47.tgz 2948ms (cache miss)
220 http fetch GET 200 https://registry.npmjs.org/csstype/-/csstype-2.6.21.tgz 2979ms (cache miss)
221 http fetch GET 200 https://registry.npmjs.org/@codemirror/lang-css/-/lang-css-6.0.2.tgz 2945ms (cache miss)
222 http fetch GET 200 https://registry.npmjs.org/@floating-ui/core/-/core-0.3.1.tgz 2968ms (cache miss)
223 http fetch GET 200 https://registry.npmjs.org/vite-plugin-full-reload 71ms (cache hit)
224 http fetch GET 200 https://registry.npmjs.org/laravel-vite-plugin 79ms (cache hit)
225 http fetch GET 200 https://registry.npmjs.org/vite-plugin-compression 81ms (cache hit)
226 http fetch GET 200 https://registry.npmjs.org/@codemirror/view/-/view-6.9.1.tgz 3021ms (cache miss)
227 http fetch GET 200 https://registry.npmjs.org/jszip/-/jszip-3.10.1.tgz 3078ms (cache miss)
228 http fetch GET 200 https://registry.npmjs.org/vue-i18n/-/vue-i18n-9.2.2.tgz 3112ms (cache miss)
229 http fetch GET 200 https://registry.npmjs.org/@vitejs%2fplugin-vue 172ms (cache miss)
230 http fetch GET 200 https://registry.npmjs.org/@vuepic/vue-datepicker/-/vue-datepicker-3.6.8.tgz 3173ms (cache miss)
231 http fetch GET 200 https://registry.npmjs.org/@floating-ui/dom/-/dom-0.1.10.tgz 3173ms (cache miss)
232 http fetch GET 200 https://registry.npmjs.org/@vue/compiler-sfc/-/compiler-sfc-3.2.47.tgz 3195ms (cache miss)
233 http fetch GET 200 https://registry.npmjs.org/terser-webpack-plugin 46ms (cache hit)
234 http fetch GET 200 https://registry.npmjs.org/raw-loader 58ms (cache hit)
235 http fetch GET 200 https://registry.npmjs.org/vue/-/vue-3.2.47.tgz 3373ms (cache miss)
236 http fetch GET 200 https://registry.npmjs.org/sass-loader 162ms (cache miss)
237 http fetch GET 200 https://registry.npmjs.org/@codemirror/lint/-/lint-6.1.1.tgz 3378ms (cache miss)
238 http fetch GET 200 https://registry.npmjs.org/preact/-/preact-10.12.1.tgz 3468ms (cache miss)
239 http fetch GET 200 https://registry.npmjs.org/optionator 45ms (cache hit)
240 http fetch GET 200 https://registry.npmjs.org/date-fns-tz/-/date-fns-tz-1.3.8.tgz 3491ms (cache miss)
241 http fetch GET 200 https://registry.npmjs.org/engine.io-client 33ms (cache hit)
242 http fetch GET 200 https://registry.npmjs.org/@vue/compiler-core/-/compiler-core-3.2.47.tgz 6029ms (cache miss)
243 http fetch GET 200 https://registry.npmjs.org/date-fns/-/date-fns-2.29.3.tgz 13516ms (cache miss)
244 info run esbuild@0.15.18 postinstall node_modules/esbuild node install.js
245 info run esbuild@0.15.18 postinstall { code: 0, signal: null }
246 silly ADD node_modules/zipcelx
247 silly ADD node_modules/yocto-queue
248 silly ADD node_modules/yeast
249 silly ADD node_modules/yallist
250 silly ADD node_modules/xmlhttprequest-ssl
251 silly ADD node_modules/xml-name-validator
252 silly ADD node_modules/ws
253 silly ADD node_modules/wrappy
254 silly ADD node_modules/word-wrap
255 silly ADD node_modules/which
256 silly ADD node_modules/webpack-sources
257 silly ADD node_modules/webpack
258 silly ADD node_modules/webpack/node_modules/estraverse
259 silly ADD node_modules/webpack/node_modules/eslint-scope
260 silly ADD node_modules/webpack/node_modules/@types/estree
261 silly ADD node_modules/watchpack
262 silly ADD node_modules/w3c-keyname
263 silly ADD node_modules/vuex-persistedstate
264 silly ADD node_modules/vuex
265 silly ADD node_modules/vue-router
266 silly ADD node_modules/vue-resize
267 silly ADD node_modules/vue-i18n
268 silly ADD node_modules/vue-eslint-parser
269 silly ADD node_modules/vue
270 silly ADD node_modules/vite-plugin-full-reload
271 silly ADD node_modules/vite-plugin-eslint
272 silly ADD node_modules/vite-plugin-compression
273 silly ADD node_modules/vite
274 silly ADD node_modules/util-deprecate
275 silly ADD node_modules/uri-js
276 silly ADD node_modules/update-browserslist-db
277 silly ADD node_modules/universalify
278 silly ADD node_modules/type-fest
279 silly ADD node_modules/type-check
280 silly ADD node_modules/to-regex-range
281 silly ADD node_modules/to-array
282 silly ADD node_modules/text-table
283 silly ADD node_modules/terser-webpack-plugin
284 silly ADD node_modules/terser
285 silly ADD node_modules/tapable
286 silly ADD node_modules/svg.select.js
287 silly ADD node_modules/svg.resize.js
288 silly ADD node_modules/svg.resize.js/node_modules/svg.select.js
289 silly ADD node_modules/svg.pathmorphing.js
290 silly ADD node_modules/svg.js
291 silly ADD node_modules/svg.filter.js
292 silly ADD node_modules/svg.easing.js
293 silly ADD node_modules/svg.draggable.js
294 silly ADD node_modules/supports-preserve-symlinks-flag
295 silly ADD node_modules/supports-color
296 silly ADD node_modules/style-mod
297 silly ADD node_modules/strip-json-comments
298 silly ADD node_modules/strip-ansi
299 silly ADD node_modules/string-similarity
300 silly ADD node_modules/string_decoder
301 silly ADD node_modules/string_decoder/node_modules/safe-buffer
302 silly ADD node_modules/sourcemap-codec
303 silly ADD node_modules/source-map-support
304 silly ADD node_modules/source-map-js
305 silly ADD node_modules/source-map
306 silly ADD node_modules/socket.io-parser
307 silly ADD node_modules/socket.io-parser/node_modules/ms
308 silly ADD node_modules/socket.io-parser/node_modules/debug
309 silly ADD node_modules/socket.io-client
310 silly ADD node_modules/socket.io-client/node_modules/ms
311 silly ADD node_modules/socket.io-client/node_modules/debug
312 silly ADD node_modules/shvl
313 silly ADD node_modules/shebang-regex
314 silly ADD node_modules/shebang-command
315 silly ADD node_modules/setimmediate
316 silly ADD node_modules/serialize-javascript
317 silly ADD node_modules/semver
318 silly ADD node_modules/schema-utils
319 silly ADD node_modules/sass-loader
320 silly ADD node_modules/sass
321 silly ADD node_modules/safe-buffer
322 silly ADD node_modules/run-parallel
323 silly ADD node_modules/rollup
324 silly ADD node_modules/rimraf
325 silly ADD node_modules/reusify
326 silly ADD node_modules/resolve-from
327 silly ADD node_modules/resolve
328 silly ADD node_modules/regexpp
329 silly ADD node_modules/readdirp
330 silly ADD node_modules/readable-stream
331 silly ADD node_modules/readable-stream/node_modules/safe-buffer
332 silly ADD node_modules/readable-stream/node_modules/isarray
333 silly ADD node_modules/raw-loader
334 silly ADD node_modules/randombytes
335 silly ADD node_modules/queue-microtask
336 silly ADD node_modules/punycode
337 silly ADD node_modules/process-nextick-args
338 silly ADD node_modules/prelude-ls
339 silly ADD node_modules/preact
340 silly ADD node_modules/postcss-selector-parser
341 silly ADD node_modules/postcss
342 silly ADD node_modules/picomatch
343 silly ADD node_modules/picocolors
344 silly ADD node_modules/path-parse
345 silly ADD node_modules/path-key
346 silly ADD node_modules/path-is-absolute
347 silly ADD node_modules/path-exists
348 silly ADD node_modules/parseuri
349 silly ADD node_modules/parseqs
350 silly ADD node_modules/parent-module
351 silly ADD node_modules/pako
352 silly ADD node_modules/p-locate
353 silly ADD node_modules/p-limit
354 silly ADD node_modules/overlayscrollbars
355 silly ADD node_modules/optionator
356 silly ADD node_modules/once
357 silly ADD node_modules/nth-check
358 silly ADD node_modules/nprogress
359 silly ADD node_modules/normalize-path
360 silly ADD node_modules/node-releases
361 silly ADD node_modules/neo-async
362 silly ADD node_modules/natural-compare
363 silly ADD node_modules/nanoid
364 silly ADD node_modules/ms
365 silly ADD node_modules/minimatch
366 silly ADD node_modules/mime-types
367 silly ADD node_modules/mime-db
368 silly ADD node_modules/merge-stream
369 silly ADD node_modules/marked
370 silly ADD node_modules/magic-string
371 silly ADD node_modules/lru-cache
372 silly ADD node_modules/lodash.merge
373 silly ADD node_modules/lodash.escape
374 silly ADD node_modules/lodash
375 silly ADD node_modules/locate-path
376 silly ADD node_modules/loader-utils
377 silly ADD node_modules/loader-runner
378 silly ADD node_modules/lie
379 silly ADD node_modules/levn
380 silly ADD node_modules/laravel-vite-plugin
381 silly ADD node_modules/klona
382 silly ADD node_modules/jszip
383 silly ADD node_modules/jsonfile
384 silly ADD node_modules/json5
385 silly ADD node_modules/json-stable-stringify-without-jsonify
386 silly ADD node_modules/json-schema-traverse
387 silly ADD node_modules/json-parse-even-better-errors
388 silly ADD node_modules/js-yaml
389 silly ADD node_modules/js-sdsl
390 silly ADD node_modules/jest-worker
391 silly ADD node_modules/jest-worker/node_modules/supports-color
392 silly ADD node_modules/izitoast
393 silly ADD node_modules/isexe
394 silly ADD node_modules/isarray
395 silly ADD node_modules/is-path-inside
396 silly ADD node_modules/is-number
397 silly ADD node_modules/is-glob
398 silly ADD node_modules/is-extglob
399 silly ADD node_modules/is-core-module
400 silly ADD node_modules/is-binary-path
401 silly ADD node_modules/inherits
402 silly ADD node_modules/inflight
403 silly ADD node_modules/indexof
404 silly ADD node_modules/imurmurhash
405 silly ADD node_modules/import-fresh
406 silly ADD node_modules/immutable
407 silly ADD node_modules/immediate
408 silly ADD node_modules/ignore
409 silly ADD node_modules/howler
410 silly ADD node_modules/has-flag
411 silly ADD node_modules/has-cors
412 silly ADD node_modules/has-binary2
413 silly ADD node_modules/has
414 silly ADD node_modules/gsap
415 silly ADD node_modules/grapheme-splitter
416 silly ADD node_modules/graceful-fs
417 silly ADD node_modules/globals
418 silly ADD node_modules/glob-to-regexp
419 silly ADD node_modules/glob-parent
420 silly ADD node_modules/glob
421 silly ADD node_modules/function-bind
422 silly ADD
423 silly ADD node_modules/fs.realpath
424 silly ADD node_modules/fs-extra
425 silly ADD node_modules/form-data
426 silly ADD node_modules/follow-redirects
427 silly ADD node_modules/floating-vue
428 silly ADD node_modules/flatted
429 silly ADD node_modules/flat-cache
430 silly ADD node_modules/find-up
431 silly ADD node_modules/fill-range
432 silly ADD node_modules/file-saver
433 silly ADD node_modules/file-entry-cache
434 silly ADD node_modules/fastq
435 silly ADD node_modules/fast-levenshtein
436 silly ADD node_modules/fast-json-stable-stringify
437 silly ADD node_modules/fast-deep-equal
438 silly ADD node_modules/events
439 silly ADD node_modules/esutils
440 silly ADD node_modules/estree-walker
441 silly ADD node_modules/estraverse
442 silly ADD node_modules/esrecurse
443 silly ADD node_modules/esquery
444 silly ADD node_modules/espree
445 silly ADD node_modules/eslint-visitor-keys
446 silly ADD node_modules/eslint-utils
447 silly ADD node_modules/eslint-utils/node_modules/eslint-visitor-keys
448 silly ADD node_modules/eslint-scope
449 silly ADD node_modules/eslint-plugin-vue
450 silly ADD node_modules/eslint
451 silly ADD node_modules/escape-string-regexp
452 silly ADD node_modules/escalade
453 silly ADD
454 silly ADD
455 silly ADD
456 silly ADD
457 silly ADD
458 silly ADD
459 silly ADD
460 silly ADD
461 silly ADD
462 silly ADD
463 silly ADD
464 silly ADD
465 silly ADD node_modules/esbuild-linux-64
466 silly ADD
467 silly ADD
468 silly ADD
469 silly ADD
470 silly ADD
471 silly ADD
472 silly ADD
473 silly ADD node_modules/esbuild
474 silly ADD node_modules/es-module-lexer
475 silly ADD node_modules/enhanced-resolve
476 silly ADD node_modules/engine.io-parser
477 silly ADD node_modules/engine.io-client
478 silly ADD node_modules/engine.io-client/node_modules/ms
479 silly ADD node_modules/engine.io-client/node_modules/debug
480 silly ADD node_modules/emojis-list
481 silly ADD node_modules/electron-to-chromium
482 silly ADD node_modules/doctrine
483 silly ADD node_modules/delayed-stream
484 silly ADD node_modules/deepmerge
485 silly ADD node_modules/deep-is
486 silly ADD node_modules/debug
487 silly ADD node_modules/date-fns-tz
488 silly ADD node_modules/date-fns
489 silly ADD node_modules/csstype
490 silly ADD node_modules/cssesc
491 silly ADD node_modules/cross-spawn
492 silly ADD node_modules/crelt
493 silly ADD node_modules/core-util-is
494 silly ADD node_modules/concat-map
495 silly ADD node_modules/component-inherit
496 silly ADD node_modules/component-emitter
497 silly ADD node_modules/component-bind
498 silly ADD node_modules/commander
499 silly ADD node_modules/combined-stream
500 silly ADD node_modules/color-name
501 silly ADD node_modules/color-convert
502 silly ADD node_modules/codemirror
503 silly ADD node_modules/click-outside-vue3
504 silly ADD node_modules/chrome-trace-event
505 silly ADD node_modules/chokidar
506 silly ADD node_modules/chokidar/node_modules/glob-parent
507 silly ADD node_modules/chalk
508 silly ADD node_modules/caniuse-lite
509 silly ADD node_modules/callsites
510 silly ADD node_modules/buffer-from
511 silly ADD node_modules/browserslist
512 silly ADD node_modules/braces
513 silly ADD node_modules/brace-expansion
514 silly ADD node_modules/boolbase
515 silly ADD node_modules/blob
516 silly ADD node_modules/binary-extensions
517 silly ADD node_modules/big.js
518 silly ADD node_modules/base64-arraybuffer
519 silly ADD node_modules/balanced-match
520 silly ADD node_modules/backo2
521 silly ADD node_modules/axios
522 silly ADD node_modules/asynckit
523 silly ADD node_modules/arraybuffer.slice
524 silly ADD node_modules/argparse
525 silly ADD node_modules/apexcharts
526 silly ADD node_modules/anymatch
527 silly ADD node_modules/ansi-styles
528 silly ADD node_modules/ansi-regex
529 silly ADD node_modules/ajv-keywords
530 silly ADD node_modules/ajv
531 silly ADD node_modules/after
532 silly ADD node_modules/acorn-jsx
533 silly ADD node_modules/acorn-import-assertions
534 silly ADD node_modules/acorn
535 silly ADD node_modules/@xtuc/long
536 silly ADD node_modules/@xtuc/ieee754
537 silly ADD node_modules/@webassemblyjs/wast-printer
538 silly ADD node_modules/@webassemblyjs/wasm-parser
539 silly ADD node_modules/@webassemblyjs/wasm-opt
540 silly ADD node_modules/@webassemblyjs/wasm-gen
541 silly ADD node_modules/@webassemblyjs/wasm-edit
542 silly ADD node_modules/@webassemblyjs/utf8
543 silly ADD node_modules/@webassemblyjs/leb128
544 silly ADD node_modules/@webassemblyjs/ieee754
545 silly ADD node_modules/@webassemblyjs/helper-wasm-section
546 silly ADD node_modules/@webassemblyjs/helper-wasm-bytecode
547 silly ADD node_modules/@webassemblyjs/helper-numbers
548 silly ADD node_modules/@webassemblyjs/helper-buffer
549 silly ADD node_modules/@webassemblyjs/helper-api-error
550 silly ADD node_modules/@webassemblyjs/floating-point-hex-parser
551 silly ADD node_modules/@webassemblyjs/ast
552 silly ADD node_modules/@vuepic/vue-datepicker
553 silly ADD node_modules/@vue/shared
554 silly ADD node_modules/@vue/server-renderer
555 silly ADD node_modules/@vue/runtime-dom
556 silly ADD node_modules/@vue/runtime-core
557 silly ADD node_modules/@vue/reactivity-transform
558 silly ADD node_modules/@vue/reactivity
559 silly ADD node_modules/@vue/devtools-api
560 silly ADD node_modules/@vue/compiler-ssr
561 silly ADD node_modules/@vue/compiler-sfc
562 silly ADD node_modules/@vue/compiler-dom
563 silly ADD node_modules/@vue/compiler-core
564 silly ADD node_modules/@vitejs/plugin-vue
565 silly ADD node_modules/@types/node
566 silly ADD node_modules/@types/json-schema
567 silly ADD node_modules/@types/estree
568 silly ADD node_modules/@types/eslint-scope
569 silly ADD node_modules/@types/eslint
570 silly ADD node_modules/@rollup/pluginutils
571 silly ADD node_modules/@nodelib/fs.walk
572 silly ADD node_modules/@nodelib/fs.stat
573 silly ADD node_modules/@nodelib/fs.scandir
574 silly ADD node_modules/@lezer/lr
575 silly ADD node_modules/@lezer/json
576 silly ADD node_modules/@lezer/highlight
577 silly ADD node_modules/@lezer/css
578 silly ADD node_modules/@lezer/common
579 silly ADD node_modules/@jridgewell/trace-mapping
580 silly ADD node_modules/@jridgewell/sourcemap-codec
581 silly ADD node_modules/@jridgewell/source-map
582 silly ADD node_modules/@jridgewell/set-array
583 silly ADD node_modules/@jridgewell/resolve-uri
584 silly ADD node_modules/@jridgewell/gen-mapping
585 silly ADD node_modules/@jaames/iro
586 silly ADD node_modules/@irojs/iro-core
587 silly ADD node_modules/@intlify/vue-devtools
588 silly ADD node_modules/@intlify/shared
589 silly ADD node_modules/@intlify/message-compiler
590 silly ADD node_modules/@intlify/devtools-if
591 silly ADD node_modules/@intlify/core-base
592 silly ADD node_modules/@humanwhocodes/object-schema
593 silly ADD node_modules/@humanwhocodes/module-importer
594 silly ADD node_modules/@humanwhocodes/config-array
595 silly ADD node_modules/@floating-ui/dom
596 silly ADD node_modules/@floating-ui/core
597 silly ADD node_modules/@eslint/eslintrc
598 silly ADD
599 silly ADD
600 silly ADD node_modules/@codemirror/view
601 silly ADD node_modules/@codemirror/theme-one-dark
602 silly ADD node_modules/@codemirror/state
603 silly ADD node_modules/@codemirror/search
604 silly ADD node_modules/@codemirror/lint
605 silly ADD node_modules/@codemirror/language
606 silly ADD node_modules/@codemirror/lang-json
607 silly ADD node_modules/@codemirror/lang-css
608 silly ADD node_modules/@codemirror/commands
609 silly ADD node_modules/@codemirror/autocomplete
610 silly ADD node_modules/@babel/parser
611 verbose exit 0
612 info ok
